Analysis & Synthesis report for FIRV3
Tue Oct 14 11:09:10 2025
Quartus Prime Version 16.1.0 Build 196 10/24/2016 SJ Lite Edition


---------------------
; Table of Contents ;
---------------------
  1. Legal Notice
  2. Analysis & Synthesis Summary
  3. Analysis & Synthesis Settings
  4. Parallel Compilation
  5. Analysis & Synthesis Source Files Read
  6. Analysis & Synthesis Resource Usage Summary
  7. Analysis & Synthesis Resource Utilization by Entity
  8. Analysis & Synthesis DSP Block Usage Summary
  9. Registers Removed During Synthesis
 10. General Register Statistics
 11. Port Connectivity Checks: "AddMultBlockV2:cell10"
 12. Port Connectivity Checks: "AddMultBlockV2:cell9"
 13. Port Connectivity Checks: "AddMultBlockV2:cell8"
 14. Port Connectivity Checks: "AddMultBlockV2:cell7"
 15. Port Connectivity Checks: "AddMultBlockV2:cell6"
 16. Port Connectivity Checks: "AddMultBlockV2:cell5"
 17. Port Connectivity Checks: "AddMultBlockV2:cell4"
 18. Port Connectivity Checks: "AddMultBlockV2:cell3"
 19. Port Connectivity Checks: "AddMultBlockV2:cell2"
 20. Port Connectivity Checks: "AddMultBlockV2:cell1|Mult:Multiplier"
 21. Port Connectivity Checks: "AddMultBlockV2:cell1|Adder:Addereeno"
 22. Port Connectivity Checks: "AddMultBlockV2:cell1"
 23. Port Connectivity Checks: "Mult:mult0"
 24. Post-Synthesis Netlist Statistics for Top Partition
 25. Elapsed Time Per Partition
 26. Analysis & Synthesis Messages



----------------
; Legal Notice ;
----------------
Copyright (C) 2016  Intel Corporation. All rights reserved.
Your use of Intel Corporation's design tools, logic functions 
and other software and tools, and its AMPP partner logic 
functions, and any output files from any of the foregoing 
(including device programming or simulation files), and any 
associated documentation or information are expressly subject 
to the terms and conditions of the Intel Program License 
Subscription Agreement, the Intel Quartus Prime License Agreement,
the Intel MegaCore Function License Agreement, or other 
applicable license agreement, including, without limitation, 
that your use is for the sole purpose of programming logic 
devices manufactured by Intel and sold by Intel or its 
authorized distributors.  Please refer to the applicable 
agreement for further details.



+-------------------------------------------------------------------------------+
; Analysis & Synthesis Summary                                                  ;
+---------------------------------+---------------------------------------------+
; Analysis & Synthesis Status     ; Successful - Tue Oct 14 11:09:10 2025       ;
; Quartus Prime Version           ; 16.1.0 Build 196 10/24/2016 SJ Lite Edition ;
; Revision Name                   ; FIRV3                                       ;
; Top-level Entity Name           ; FIRV3                                       ;
; Family                          ; Cyclone V                                   ;
; Logic utilization (in ALMs)     ; N/A                                         ;
; Total registers                 ; 41                                          ;
; Total pins                      ; 147                                         ;
; Total virtual pins              ; 0                                           ;
; Total block memory bits         ; 0                                           ;
; Total DSP Blocks                ; 10                                          ;
; Total HSSI RX PCSs              ; 0                                           ;
; Total HSSI PMA RX Deserializers ; 0                                           ;
; Total HSSI TX PCSs              ; 0                                           ;
; Total HSSI PMA TX Serializers   ; 0                                           ;
; Total PLLs                      ; 0                                           ;
; Total DLLs                      ; 0                                           ;
+---------------------------------+---------------------------------------------+


+---------------------------------------------------------------------------------------------------------------------------+
; Analysis & Synthesis Settings                                                                                             ;
+---------------------------------------------------------------------------------+--------------------+--------------------+
; Option                                                                          ; Setting            ; Default Value      ;
+---------------------------------------------------------------------------------+--------------------+--------------------+
; Device                                                                          ; 5CGXFC7C7F23C8     ;                    ;
; Top-level entity name                                                           ; FIRV3              ; FIRV3              ;
; Family name                                                                     ; Cyclone V          ; Cyclone V          ;
; Use smart compilation                                                           ; Off                ; Off                ;
; Enable parallel Assembler and TimeQuest Timing Analyzer during compilation      ; On                 ; On                 ;
; Enable compact report table                                                     ; Off                ; Off                ;
; Restructure Multiplexers                                                        ; Auto               ; Auto               ;
; MLAB Add Timing Constraints For Mixed-Port Feed-Through Mode Setting Don't Care ; Off                ; Off                ;
; Create Debugging Nodes for IP Cores                                             ; Off                ; Off                ;
; Preserve fewer node names                                                       ; On                 ; On                 ;
; OpenCore Plus hardware evaluation                                               ; Enable             ; Enable             ;
; Verilog Version                                                                 ; Verilog_2001       ; Verilog_2001       ;
; VHDL Version                                                                    ; VHDL_1993          ; VHDL_1993          ;
; State Machine Processing                                                        ; Auto               ; Auto               ;
; Safe State Machine                                                              ; Off                ; Off                ;
; Extract Verilog State Machines                                                  ; On                 ; On                 ;
; Extract VHDL State Machines                                                     ; On                 ; On                 ;
; Ignore Verilog initial constructs                                               ; Off                ; Off                ;
; Iteration limit for constant Verilog loops                                      ; 5000               ; 5000               ;
; Iteration limit for non-constant Verilog loops                                  ; 250                ; 250                ;
; Add Pass-Through Logic to Inferred RAMs                                         ; On                 ; On                 ;
; Infer RAMs from Raw Logic                                                       ; On                 ; On                 ;
; Parallel Synthesis                                                              ; On                 ; On                 ;
; DSP Block Balancing                                                             ; Auto               ; Auto               ;
; NOT Gate Push-Back                                                              ; On                 ; On                 ;
; Power-Up Don't Care                                                             ; On                 ; On                 ;
; Remove Redundant Logic Cells                                                    ; Off                ; Off                ;
; Remove Duplicate Registers                                                      ; On                 ; On                 ;
; Ignore CARRY Buffers                                                            ; Off                ; Off                ;
; Ignore CASCADE Buffers                                                          ; Off                ; Off                ;
; Ignore GLOBAL Buffers                                                           ; Off                ; Off                ;
; Ignore ROW GLOBAL Buffers                                                       ; Off                ; Off                ;
; Ignore LCELL Buffers                                                            ; Off                ; Off                ;
; Ignore SOFT Buffers                                                             ; On                 ; On                 ;
; Limit AHDL Integers to 32 Bits                                                  ; Off                ; Off                ;
; Optimization Technique                                                          ; Balanced           ; Balanced           ;
; Carry Chain Length                                                              ; 70                 ; 70                 ;
; Auto Carry Chains                                                               ; On                 ; On                 ;
; Auto Open-Drain Pins                                                            ; On                 ; On                 ;
; Perform WYSIWYG Primitive Resynthesis                                           ; Off                ; Off                ;
; Auto ROM Replacement                                                            ; On                 ; On                 ;
; Auto RAM Replacement                                                            ; On                 ; On                 ;
; Auto DSP Block Replacement                                                      ; On                 ; On                 ;
; Auto Shift Register Replacement                                                 ; Auto               ; Auto               ;
; Allow Shift Register Merging across Hierarchies                                 ; Auto               ; Auto               ;
; Auto Clock Enable Replacement                                                   ; On                 ; On                 ;
; Strict RAM Replacement                                                          ; Off                ; Off                ;
; Allow Synchronous Control Signals                                               ; On                 ; On                 ;
; Force Use of Synchronous Clear Signals                                          ; Off                ; Off                ;
; Auto Resource Sharing                                                           ; Off                ; Off                ;
; Allow Any RAM Size For Recognition                                              ; Off                ; Off                ;
; Allow Any ROM Size For Recognition                                              ; Off                ; Off                ;
; Allow Any Shift Register Size For Recognition                                   ; Off                ; Off                ;
; Use LogicLock Constraints during Resource Balancing                             ; On                 ; On                 ;
; Ignore translate_off and synthesis_off directives                               ; Off                ; Off                ;
; Timing-Driven Synthesis                                                         ; On                 ; On                 ;
; Report Parameter Settings                                                       ; On                 ; On                 ;
; Report Source Assignments                                                       ; On                 ; On                 ;
; Report Connectivity Checks                                                      ; On                 ; On                 ;
; Ignore Maximum Fan-Out Assignments                                              ; Off                ; Off                ;
; Synchronization Register Chain Length                                           ; 3                  ; 3                  ;
; PowerPlay Power Optimization During Synthesis                                   ; Normal compilation ; Normal compilation ;
; HDL message level                                                               ; Level2             ; Level2             ;
; Suppress Register Optimization Related Messages                                 ; Off                ; Off                ;
; Number of Removed Registers Reported in Synthesis Report                        ; 5000               ; 5000               ;
; Number of Swept Nodes Reported in Synthesis Report                              ; 5000               ; 5000               ;
; Number of Inverted Registers Reported in Synthesis Report                       ; 100                ; 100                ;
; Clock MUX Protection                                                            ; On                 ; On                 ;
; Auto Gated Clock Conversion                                                     ; Off                ; Off                ;
; Block Design Naming                                                             ; Auto               ; Auto               ;
; SDC constraint protection                                                       ; Off                ; Off                ;
; Synthesis Effort                                                                ; Auto               ; Auto               ;
; Shift Register Replacement - Allow Asynchronous Clear Signal                    ; On                 ; On                 ;
; Pre-Mapping Resynthesis Optimization                                            ; Off                ; Off                ;
; Analysis & Synthesis Message Level                                              ; Medium             ; Medium             ;
; Disable Register Merging Across Hierarchies                                     ; Auto               ; Auto               ;
; Resource Aware Inference For Block RAM                                          ; On                 ; On                 ;
; Automatic Parallel Synthesis                                                    ; On                 ; On                 ;
; Partial Reconfiguration Bitstream ID                                            ; Off                ; Off                ;
+---------------------------------------------------------------------------------+--------------------+--------------------+


+------------------------------------------+
; Parallel Compilation                     ;
+----------------------------+-------------+
; Processors                 ; Number      ;
+----------------------------+-------------+
; Number detected on machine ; 12          ;
; Maximum allowed            ; 6           ;
;                            ;             ;
; Average used               ; 1.00        ;
; Maximum used               ; 6           ;
;                            ;             ;
; Usage by Processor         ; % Time Used ;
;     Processor 1            ; 100.0%      ;
;     Processors 2-6         ;   0.0%      ;
+----------------------------+-------------+


+----------------------------------------------------------------------------------------------------------------------------------------------------------------------------------+
; Analysis & Synthesis Source Files Read                                                                                                                                           ;
+----------------------------------+-----------------+-----------------------+-------------------------------------------------------------------------------------------+---------+
; File Name with User-Entered Path ; Used in Netlist ; File Type             ; File Name with Absolute Path                                                              ; Library ;
+----------------------------------+-----------------+-----------------------+-------------------------------------------------------------------------------------------+---------+
; firv3.vhd                        ; yes             ; Auto-Found VHDL File  ; C:/Users/Utente/OneDrive/Documenti/progetti isa/labISA/lab1/hdl_2.1/V2/firv3.vhd          ;         ;
; reg11b.vhd                       ; yes             ; Auto-Found VHDL File  ; C:/Users/Utente/OneDrive/Documenti/progetti isa/labISA/lab1/hdl_2.1/V2/reg11b.vhd         ;         ;
; mult.vhd                         ; yes             ; Auto-Found VHDL File  ; C:/Users/Utente/OneDrive/Documenti/progetti isa/labISA/lab1/hdl_2.1/V2/mult.vhd           ;         ;
; addmultblockv2.vhd               ; yes             ; Auto-Found VHDL File  ; C:/Users/Utente/OneDrive/Documenti/progetti isa/labISA/lab1/hdl_2.1/V2/addmultblockv2.vhd ;         ;
; adder.vhd                        ; yes             ; Auto-Found VHDL File  ; C:/Users/Utente/OneDrive/Documenti/progetti isa/labISA/lab1/hdl_2.1/V2/adder.vhd          ;         ;
+----------------------------------+-----------------+-----------------------+-------------------------------------------------------------------------------------------+---------+


+---------------------------------------------------------+
; Analysis & Synthesis Resource Usage Summary             ;
+---------------------------------------------+-----------+
; Resource                                    ; Usage     ;
+---------------------------------------------+-----------+
; Estimate of Logic utilization (ALMs needed) ; 26        ;
;                                             ;           ;
; Combinational ALUT usage for logic          ; 40        ;
;     -- 7 input functions                    ; 0         ;
;     -- 6 input functions                    ; 0         ;
;     -- 5 input functions                    ; 0         ;
;     -- 4 input functions                    ; 0         ;
;     -- <=3 input functions                  ; 40        ;
;                                             ;           ;
; Dedicated logic registers                   ; 41        ;
;                                             ;           ;
; I/O pins                                    ; 147       ;
;                                             ;           ;
; Total DSP Blocks                            ; 10        ;
;                                             ;           ;
; Maximum fan-out node                        ; VIN~input ;
; Maximum fan-out                             ; 42        ;
; Total fan-out                               ; 687       ;
; Average fan-out                             ; 1.78      ;
+---------------------------------------------+-----------+


+--------------------------------------------------------------------------------------------------------------------------------------------------------------------------------------------------------------------+
; Analysis & Synthesis Resource Utilization by Entity                                                                                                                                                                ;
+-----------------------------+---------------------+---------------------------+-------------------+------------+------+--------------+---------------------------------------------+----------------+--------------+
; Compilation Hierarchy Node  ; Combinational ALUTs ; Dedicated Logic Registers ; Block Memory Bits ; DSP Blocks ; Pins ; Virtual Pins ; Full Hierarchy Name                         ; Entity Name    ; Library Name ;
+-----------------------------+---------------------+---------------------------+-------------------+------------+------+--------------+---------------------------------------------+----------------+--------------+
; |FIRV3                      ; 40 (0)              ; 41 (0)                    ; 0                 ; 10         ; 147  ; 0            ; |FIRV3                                      ; FIRV3          ; work         ;
;    |AddMultBlockV2:cell1|   ; 8 (0)               ; 11 (0)                    ; 0                 ; 1          ; 0    ; 0            ; |FIRV3|AddMultBlockV2:cell1                 ; AddMultBlockV2 ; work         ;
;       |Adder:Addereeno|     ; 8 (8)               ; 0 (0)                     ; 0                 ; 0          ; 0    ; 0            ; |FIRV3|AddMultBlockV2:cell1|Adder:Addereeno ; Adder          ; work         ;
;       |Mult:Multiplier|     ; 0 (0)               ; 0 (0)                     ; 0                 ; 1          ; 0    ; 0            ; |FIRV3|AddMultBlockV2:cell1|Mult:Multiplier ; Mult           ; work         ;
;       |REG11B:Reg_data|     ; 0 (0)               ; 11 (11)                   ; 0                 ; 0          ; 0    ; 0            ; |FIRV3|AddMultBlockV2:cell1|REG11B:Reg_data ; REG11B         ; work         ;
;    |AddMultBlockV2:cell2|   ; 16 (0)              ; 11 (0)                    ; 0                 ; 1          ; 0    ; 0            ; |FIRV3|AddMultBlockV2:cell2                 ; AddMultBlockV2 ; work         ;
;       |Adder:Addereeno|     ; 16 (16)             ; 0 (0)                     ; 0                 ; 0          ; 0    ; 0            ; |FIRV3|AddMultBlockV2:cell2|Adder:Addereeno ; Adder          ; work         ;
;       |Mult:Multiplier|     ; 0 (0)               ; 0 (0)                     ; 0                 ; 1          ; 0    ; 0            ; |FIRV3|AddMultBlockV2:cell2|Mult:Multiplier ; Mult           ; work         ;
;       |REG11B:Reg_data|     ; 0 (0)               ; 11 (11)                   ; 0                 ; 0          ; 0    ; 0            ; |FIRV3|AddMultBlockV2:cell2|REG11B:Reg_data ; REG11B         ; work         ;
;    |AddMultBlockV2:cell3|   ; 0 (0)               ; 0 (0)                     ; 0                 ; 1          ; 0    ; 0            ; |FIRV3|AddMultBlockV2:cell3                 ; AddMultBlockV2 ; work         ;
;       |Mult:Multiplier|     ; 0 (0)               ; 0 (0)                     ; 0                 ; 1          ; 0    ; 0            ; |FIRV3|AddMultBlockV2:cell3|Mult:Multiplier ; Mult           ; work         ;
;    |AddMultBlockV2:cell4|   ; 0 (0)               ; 0 (0)                     ; 0                 ; 1          ; 0    ; 0            ; |FIRV3|AddMultBlockV2:cell4                 ; AddMultBlockV2 ; work         ;
;       |Mult:Multiplier|     ; 0 (0)               ; 0 (0)                     ; 0                 ; 1          ; 0    ; 0            ; |FIRV3|AddMultBlockV2:cell4|Mult:Multiplier ; Mult           ; work         ;
;    |AddMultBlockV2:cell5|   ; 0 (0)               ; 0 (0)                     ; 0                 ; 1          ; 0    ; 0            ; |FIRV3|AddMultBlockV2:cell5                 ; AddMultBlockV2 ; work         ;
;       |Mult:Multiplier|     ; 0 (0)               ; 0 (0)                     ; 0                 ; 1          ; 0    ; 0            ; |FIRV3|AddMultBlockV2:cell5|Mult:Multiplier ; Mult           ; work         ;
;    |AddMultBlockV2:cell6|   ; 8 (0)               ; 0 (0)                     ; 0                 ; 1          ; 0    ; 0            ; |FIRV3|AddMultBlockV2:cell6                 ; AddMultBlockV2 ; work         ;
;       |Adder:Addereeno|     ; 8 (8)               ; 0 (0)                     ; 0                 ; 0          ; 0    ; 0            ; |FIRV3|AddMultBlockV2:cell6|Adder:Addereeno ; Adder          ; work         ;
;       |Mult:Multiplier|     ; 0 (0)               ; 0 (0)                     ; 0                 ; 1          ; 0    ; 0            ; |FIRV3|AddMultBlockV2:cell6|Mult:Multiplier ; Mult           ; work         ;
;    |AddMultBlockV2:cell7|   ; 0 (0)               ; 0 (0)                     ; 0                 ; 1          ; 0    ; 0            ; |FIRV3|AddMultBlockV2:cell7                 ; AddMultBlockV2 ; work         ;
;       |Mult:Multiplier|     ; 0 (0)               ; 0 (0)                     ; 0                 ; 1          ; 0    ; 0            ; |FIRV3|AddMultBlockV2:cell7|Mult:Multiplier ; Mult           ; work         ;
;    |AddMultBlockV2:cell8|   ; 8 (0)               ; 0 (0)                     ; 0                 ; 1          ; 0    ; 0            ; |FIRV3|AddMultBlockV2:cell8                 ; AddMultBlockV2 ; work         ;
;       |Adder:Addereeno|     ; 8 (8)               ; 0 (0)                     ; 0                 ; 0          ; 0    ; 0            ; |FIRV3|AddMultBlockV2:cell8|Adder:Addereeno ; Adder          ; work         ;
;       |Mult:Multiplier|     ; 0 (0)               ; 0 (0)                     ; 0                 ; 1          ; 0    ; 0            ; |FIRV3|AddMultBlockV2:cell8|Mult:Multiplier ; Mult           ; work         ;
;    |AddMultBlockV2:cell9|   ; 0 (0)               ; 0 (0)                     ; 0                 ; 1          ; 0    ; 0            ; |FIRV3|AddMultBlockV2:cell9                 ; AddMultBlockV2 ; work         ;
;       |Mult:Multiplier|     ; 0 (0)               ; 0 (0)                     ; 0                 ; 1          ; 0    ; 0            ; |FIRV3|AddMultBlockV2:cell9|Mult:Multiplier ; Mult           ; work         ;
;    |Mult:mult0|             ; 0 (0)               ; 0 (0)                     ; 0                 ; 1          ; 0    ; 0            ; |FIRV3|Mult:mult0                           ; Mult           ; work         ;
;    |REG11B:Data_reg0|       ; 0 (0)               ; 11 (11)                   ; 0                 ; 0          ; 0    ; 0            ; |FIRV3|REG11B:Data_reg0                     ; REG11B         ; work         ;
;    |REG11B:output_register| ; 0 (0)               ; 8 (8)                     ; 0                 ; 0          ; 0    ; 0            ; |FIRV3|REG11B:output_register               ; REG11B         ; work         ;
+-----------------------------+---------------------+---------------------------+-------------------+------------+------+--------------+---------------------------------------------+----------------+--------------+
Note: For table entries with two numbers listed, the numbers in parentheses indicate the number of resources of the given type used by the specific entity alone. The numbers listed outside of parentheses indicate the total resources of the given type used by the specific entity and all of its sub-entities in the hierarchy.


+----------------------------------------------+
; Analysis & Synthesis DSP Block Usage Summary ;
+-------------------------------+--------------+
; Statistic                     ; Number Used  ;
+-------------------------------+--------------+
; Two Independent 18x18         ; 10           ;
; Total number of DSP blocks    ; 10           ;
;                               ;              ;
; Fixed Point Signed Multiplier ; 10           ;
+-------------------------------+--------------+


+-----------------------------------------------------------------------------------------------------------+
; Registers Removed During Synthesis                                                                        ;
+-----------------------------------------------+-----------------------------------------------------------+
; Register name                                 ; Reason for Removal                                        ;
+-----------------------------------------------+-----------------------------------------------------------+
; REG11B:output_register|Dout[0..2]             ; Stuck at GND due to stuck port data_in                    ;
; AddMultBlockV2:cell3|REG11B:Reg_data|Dout[0]  ; Merged with AddMultBlockV2:cell2|REG11B:Reg_data|Dout[0]  ;
; AddMultBlockV2:cell4|REG11B:Reg_data|Dout[0]  ; Merged with AddMultBlockV2:cell2|REG11B:Reg_data|Dout[0]  ;
; AddMultBlockV2:cell5|REG11B:Reg_data|Dout[0]  ; Merged with AddMultBlockV2:cell2|REG11B:Reg_data|Dout[0]  ;
; AddMultBlockV2:cell6|REG11B:Reg_data|Dout[0]  ; Merged with AddMultBlockV2:cell2|REG11B:Reg_data|Dout[0]  ;
; AddMultBlockV2:cell7|REG11B:Reg_data|Dout[0]  ; Merged with AddMultBlockV2:cell2|REG11B:Reg_data|Dout[0]  ;
; AddMultBlockV2:cell8|REG11B:Reg_data|Dout[0]  ; Merged with AddMultBlockV2:cell2|REG11B:Reg_data|Dout[0]  ;
; AddMultBlockV2:cell9|REG11B:Reg_data|Dout[0]  ; Merged with AddMultBlockV2:cell2|REG11B:Reg_data|Dout[0]  ;
; AddMultBlockV2:cell3|REG11B:Reg_data|Dout[1]  ; Merged with AddMultBlockV2:cell2|REG11B:Reg_data|Dout[1]  ;
; AddMultBlockV2:cell4|REG11B:Reg_data|Dout[1]  ; Merged with AddMultBlockV2:cell2|REG11B:Reg_data|Dout[1]  ;
; AddMultBlockV2:cell5|REG11B:Reg_data|Dout[1]  ; Merged with AddMultBlockV2:cell2|REG11B:Reg_data|Dout[1]  ;
; AddMultBlockV2:cell6|REG11B:Reg_data|Dout[1]  ; Merged with AddMultBlockV2:cell2|REG11B:Reg_data|Dout[1]  ;
; AddMultBlockV2:cell7|REG11B:Reg_data|Dout[1]  ; Merged with AddMultBlockV2:cell2|REG11B:Reg_data|Dout[1]  ;
; AddMultBlockV2:cell8|REG11B:Reg_data|Dout[1]  ; Merged with AddMultBlockV2:cell2|REG11B:Reg_data|Dout[1]  ;
; AddMultBlockV2:cell9|REG11B:Reg_data|Dout[1]  ; Merged with AddMultBlockV2:cell2|REG11B:Reg_data|Dout[1]  ;
; AddMultBlockV2:cell3|REG11B:Reg_data|Dout[2]  ; Merged with AddMultBlockV2:cell2|REG11B:Reg_data|Dout[2]  ;
; AddMultBlockV2:cell4|REG11B:Reg_data|Dout[2]  ; Merged with AddMultBlockV2:cell2|REG11B:Reg_data|Dout[2]  ;
; AddMultBlockV2:cell5|REG11B:Reg_data|Dout[2]  ; Merged with AddMultBlockV2:cell2|REG11B:Reg_data|Dout[2]  ;
; AddMultBlockV2:cell6|REG11B:Reg_data|Dout[2]  ; Merged with AddMultBlockV2:cell2|REG11B:Reg_data|Dout[2]  ;
; AddMultBlockV2:cell7|REG11B:Reg_data|Dout[2]  ; Merged with AddMultBlockV2:cell2|REG11B:Reg_data|Dout[2]  ;
; AddMultBlockV2:cell8|REG11B:Reg_data|Dout[2]  ; Merged with AddMultBlockV2:cell2|REG11B:Reg_data|Dout[2]  ;
; AddMultBlockV2:cell9|REG11B:Reg_data|Dout[2]  ; Merged with AddMultBlockV2:cell2|REG11B:Reg_data|Dout[2]  ;
; AddMultBlockV2:cell3|REG11B:Reg_data|Dout[3]  ; Merged with AddMultBlockV2:cell2|REG11B:Reg_data|Dout[3]  ;
; AddMultBlockV2:cell4|REG11B:Reg_data|Dout[3]  ; Merged with AddMultBlockV2:cell2|REG11B:Reg_data|Dout[3]  ;
; AddMultBlockV2:cell5|REG11B:Reg_data|Dout[3]  ; Merged with AddMultBlockV2:cell2|REG11B:Reg_data|Dout[3]  ;
; AddMultBlockV2:cell6|REG11B:Reg_data|Dout[3]  ; Merged with AddMultBlockV2:cell2|REG11B:Reg_data|Dout[3]  ;
; AddMultBlockV2:cell7|REG11B:Reg_data|Dout[3]  ; Merged with AddMultBlockV2:cell2|REG11B:Reg_data|Dout[3]  ;
; AddMultBlockV2:cell8|REG11B:Reg_data|Dout[3]  ; Merged with AddMultBlockV2:cell2|REG11B:Reg_data|Dout[3]  ;
; AddMultBlockV2:cell9|REG11B:Reg_data|Dout[3]  ; Merged with AddMultBlockV2:cell2|REG11B:Reg_data|Dout[3]  ;
; AddMultBlockV2:cell3|REG11B:Reg_data|Dout[4]  ; Merged with AddMultBlockV2:cell2|REG11B:Reg_data|Dout[4]  ;
; AddMultBlockV2:cell4|REG11B:Reg_data|Dout[4]  ; Merged with AddMultBlockV2:cell2|REG11B:Reg_data|Dout[4]  ;
; AddMultBlockV2:cell5|REG11B:Reg_data|Dout[4]  ; Merged with AddMultBlockV2:cell2|REG11B:Reg_data|Dout[4]  ;
; AddMultBlockV2:cell6|REG11B:Reg_data|Dout[4]  ; Merged with AddMultBlockV2:cell2|REG11B:Reg_data|Dout[4]  ;
; AddMultBlockV2:cell7|REG11B:Reg_data|Dout[4]  ; Merged with AddMultBlockV2:cell2|REG11B:Reg_data|Dout[4]  ;
; AddMultBlockV2:cell8|REG11B:Reg_data|Dout[4]  ; Merged with AddMultBlockV2:cell2|REG11B:Reg_data|Dout[4]  ;
; AddMultBlockV2:cell9|REG11B:Reg_data|Dout[4]  ; Merged with AddMultBlockV2:cell2|REG11B:Reg_data|Dout[4]  ;
; AddMultBlockV2:cell3|REG11B:Reg_data|Dout[5]  ; Merged with AddMultBlockV2:cell2|REG11B:Reg_data|Dout[5]  ;
; AddMultBlockV2:cell4|REG11B:Reg_data|Dout[5]  ; Merged with AddMultBlockV2:cell2|REG11B:Reg_data|Dout[5]  ;
; AddMultBlockV2:cell5|REG11B:Reg_data|Dout[5]  ; Merged with AddMultBlockV2:cell2|REG11B:Reg_data|Dout[5]  ;
; AddMultBlockV2:cell6|REG11B:Reg_data|Dout[5]  ; Merged with AddMultBlockV2:cell2|REG11B:Reg_data|Dout[5]  ;
; AddMultBlockV2:cell7|REG11B:Reg_data|Dout[5]  ; Merged with AddMultBlockV2:cell2|REG11B:Reg_data|Dout[5]  ;
; AddMultBlockV2:cell8|REG11B:Reg_data|Dout[5]  ; Merged with AddMultBlockV2:cell2|REG11B:Reg_data|Dout[5]  ;
; AddMultBlockV2:cell9|REG11B:Reg_data|Dout[5]  ; Merged with AddMultBlockV2:cell2|REG11B:Reg_data|Dout[5]  ;
; AddMultBlockV2:cell3|REG11B:Reg_data|Dout[6]  ; Merged with AddMultBlockV2:cell2|REG11B:Reg_data|Dout[6]  ;
; AddMultBlockV2:cell4|REG11B:Reg_data|Dout[6]  ; Merged with AddMultBlockV2:cell2|REG11B:Reg_data|Dout[6]  ;
; AddMultBlockV2:cell5|REG11B:Reg_data|Dout[6]  ; Merged with AddMultBlockV2:cell2|REG11B:Reg_data|Dout[6]  ;
; AddMultBlockV2:cell6|REG11B:Reg_data|Dout[6]  ; Merged with AddMultBlockV2:cell2|REG11B:Reg_data|Dout[6]  ;
; AddMultBlockV2:cell7|REG11B:Reg_data|Dout[6]  ; Merged with AddMultBlockV2:cell2|REG11B:Reg_data|Dout[6]  ;
; AddMultBlockV2:cell8|REG11B:Reg_data|Dout[6]  ; Merged with AddMultBlockV2:cell2|REG11B:Reg_data|Dout[6]  ;
; AddMultBlockV2:cell9|REG11B:Reg_data|Dout[6]  ; Merged with AddMultBlockV2:cell2|REG11B:Reg_data|Dout[6]  ;
; AddMultBlockV2:cell3|REG11B:Reg_data|Dout[7]  ; Merged with AddMultBlockV2:cell2|REG11B:Reg_data|Dout[7]  ;
; AddMultBlockV2:cell4|REG11B:Reg_data|Dout[7]  ; Merged with AddMultBlockV2:cell2|REG11B:Reg_data|Dout[7]  ;
; AddMultBlockV2:cell5|REG11B:Reg_data|Dout[7]  ; Merged with AddMultBlockV2:cell2|REG11B:Reg_data|Dout[7]  ;
; AddMultBlockV2:cell6|REG11B:Reg_data|Dout[7]  ; Merged with AddMultBlockV2:cell2|REG11B:Reg_data|Dout[7]  ;
; AddMultBlockV2:cell7|REG11B:Reg_data|Dout[7]  ; Merged with AddMultBlockV2:cell2|REG11B:Reg_data|Dout[7]  ;
; AddMultBlockV2:cell8|REG11B:Reg_data|Dout[7]  ; Merged with AddMultBlockV2:cell2|REG11B:Reg_data|Dout[7]  ;
; AddMultBlockV2:cell9|REG11B:Reg_data|Dout[7]  ; Merged with AddMultBlockV2:cell2|REG11B:Reg_data|Dout[7]  ;
; AddMultBlockV2:cell3|REG11B:Reg_data|Dout[8]  ; Merged with AddMultBlockV2:cell2|REG11B:Reg_data|Dout[8]  ;
; AddMultBlockV2:cell4|REG11B:Reg_data|Dout[8]  ; Merged with AddMultBlockV2:cell2|REG11B:Reg_data|Dout[8]  ;
; AddMultBlockV2:cell5|REG11B:Reg_data|Dout[8]  ; Merged with AddMultBlockV2:cell2|REG11B:Reg_data|Dout[8]  ;
; AddMultBlockV2:cell6|REG11B:Reg_data|Dout[8]  ; Merged with AddMultBlockV2:cell2|REG11B:Reg_data|Dout[8]  ;
; AddMultBlockV2:cell7|REG11B:Reg_data|Dout[8]  ; Merged with AddMultBlockV2:cell2|REG11B:Reg_data|Dout[8]  ;
; AddMultBlockV2:cell8|REG11B:Reg_data|Dout[8]  ; Merged with AddMultBlockV2:cell2|REG11B:Reg_data|Dout[8]  ;
; AddMultBlockV2:cell9|REG11B:Reg_data|Dout[8]  ; Merged with AddMultBlockV2:cell2|REG11B:Reg_data|Dout[8]  ;
; AddMultBlockV2:cell3|REG11B:Reg_data|Dout[9]  ; Merged with AddMultBlockV2:cell2|REG11B:Reg_data|Dout[9]  ;
; AddMultBlockV2:cell4|REG11B:Reg_data|Dout[9]  ; Merged with AddMultBlockV2:cell2|REG11B:Reg_data|Dout[9]  ;
; AddMultBlockV2:cell5|REG11B:Reg_data|Dout[9]  ; Merged with AddMultBlockV2:cell2|REG11B:Reg_data|Dout[9]  ;
; AddMultBlockV2:cell6|REG11B:Reg_data|Dout[9]  ; Merged with AddMultBlockV2:cell2|REG11B:Reg_data|Dout[9]  ;
; AddMultBlockV2:cell7|REG11B:Reg_data|Dout[9]  ; Merged with AddMultBlockV2:cell2|REG11B:Reg_data|Dout[9]  ;
; AddMultBlockV2:cell8|REG11B:Reg_data|Dout[9]  ; Merged with AddMultBlockV2:cell2|REG11B:Reg_data|Dout[9]  ;
; AddMultBlockV2:cell9|REG11B:Reg_data|Dout[9]  ; Merged with AddMultBlockV2:cell2|REG11B:Reg_data|Dout[9]  ;
; AddMultBlockV2:cell3|REG11B:Reg_data|Dout[10] ; Merged with AddMultBlockV2:cell2|REG11B:Reg_data|Dout[10] ;
; AddMultBlockV2:cell4|REG11B:Reg_data|Dout[10] ; Merged with AddMultBlockV2:cell2|REG11B:Reg_data|Dout[10] ;
; AddMultBlockV2:cell5|REG11B:Reg_data|Dout[10] ; Merged with AddMultBlockV2:cell2|REG11B:Reg_data|Dout[10] ;
; AddMultBlockV2:cell6|REG11B:Reg_data|Dout[10] ; Merged with AddMultBlockV2:cell2|REG11B:Reg_data|Dout[10] ;
; AddMultBlockV2:cell7|REG11B:Reg_data|Dout[10] ; Merged with AddMultBlockV2:cell2|REG11B:Reg_data|Dout[10] ;
; AddMultBlockV2:cell8|REG11B:Reg_data|Dout[10] ; Merged with AddMultBlockV2:cell2|REG11B:Reg_data|Dout[10] ;
; AddMultBlockV2:cell9|REG11B:Reg_data|Dout[10] ; Merged with AddMultBlockV2:cell2|REG11B:Reg_data|Dout[10] ;
; Total Number of Removed Registers = 80        ;                                                           ;
+-----------------------------------------------+-----------------------------------------------------------+


+------------------------------------------------------+
; General Register Statistics                          ;
+----------------------------------------------+-------+
; Statistic                                    ; Value ;
+----------------------------------------------+-------+
; Total registers                              ; 41    ;
; Number of registers using Synchronous Clear  ; 0     ;
; Number of registers using Synchronous Load   ; 0     ;
; Number of registers using Asynchronous Clear ; 41    ;
; Number of registers using Asynchronous Load  ; 0     ;
; Number of registers using Clock Enable       ; 41    ;
; Number of registers using Preset             ; 0     ;
+----------------------------------------------+-------+


+--------------------------------------------------------------------------------------------------------------------+
; Port Connectivity Checks: "AddMultBlockV2:cell10"                                                                  ;
+----------+--------+----------+-------------------------------------------------------------------------------------+
; Port     ; Type   ; Severity ; Details                                                                             ;
+----------+--------+----------+-------------------------------------------------------------------------------------+
; dout     ; Output ; Info     ; Connected to dangling logic. Logic that only feeds a dangling port will be removed. ;
; data_reg ; Output ; Info     ; Connected to dangling logic. Logic that only feeds a dangling port will be removed. ;
+----------+--------+----------+-------------------------------------------------------------------------------------+


+--------------------------------------------------------------------------------------------------------------------+
; Port Connectivity Checks: "AddMultBlockV2:cell9"                                                                   ;
+----------+--------+----------+-------------------------------------------------------------------------------------+
; Port     ; Type   ; Severity ; Details                                                                             ;
+----------+--------+----------+-------------------------------------------------------------------------------------+
; data_reg ; Output ; Info     ; Connected to dangling logic. Logic that only feeds a dangling port will be removed. ;
+----------+--------+----------+-------------------------------------------------------------------------------------+


+--------------------------------------------------------------------------------------------------------------------+
; Port Connectivity Checks: "AddMultBlockV2:cell8"                                                                   ;
+----------+--------+----------+-------------------------------------------------------------------------------------+
; Port     ; Type   ; Severity ; Details                                                                             ;
+----------+--------+----------+-------------------------------------------------------------------------------------+
; data_reg ; Output ; Info     ; Connected to dangling logic. Logic that only feeds a dangling port will be removed. ;
+----------+--------+----------+-------------------------------------------------------------------------------------+


+--------------------------------------------------------------------------------------------------------------------+
; Port Connectivity Checks: "AddMultBlockV2:cell7"                                                                   ;
+----------+--------+----------+-------------------------------------------------------------------------------------+
; Port     ; Type   ; Severity ; Details                                                                             ;
+----------+--------+----------+-------------------------------------------------------------------------------------+
; data_reg ; Output ; Info     ; Connected to dangling logic. Logic that only feeds a dangling port will be removed. ;
+----------+--------+----------+-------------------------------------------------------------------------------------+


+--------------------------------------------------------------------------------------------------------------------+
; Port Connectivity Checks: "AddMultBlockV2:cell6"                                                                   ;
+----------+--------+----------+-------------------------------------------------------------------------------------+
; Port     ; Type   ; Severity ; Details                                                                             ;
+----------+--------+----------+-------------------------------------------------------------------------------------+
; data_reg ; Output ; Info     ; Connected to dangling logic. Logic that only feeds a dangling port will be removed. ;
+----------+--------+----------+-------------------------------------------------------------------------------------+


+--------------------------------------------------------------------------------------------------------------------+
; Port Connectivity Checks: "AddMultBlockV2:cell5"                                                                   ;
+----------+--------+----------+-------------------------------------------------------------------------------------+
; Port     ; Type   ; Severity ; Details                                                                             ;
+----------+--------+----------+-------------------------------------------------------------------------------------+
; data_reg ; Output ; Info     ; Connected to dangling logic. Logic that only feeds a dangling port will be removed. ;
+----------+--------+----------+-------------------------------------------------------------------------------------+


+--------------------------------------------------------------------------------------------------------------------+
; Port Connectivity Checks: "AddMultBlockV2:cell4"                                                                   ;
+----------+--------+----------+-------------------------------------------------------------------------------------+
; Port     ; Type   ; Severity ; Details                                                                             ;
+----------+--------+----------+-------------------------------------------------------------------------------------+
; data_reg ; Output ; Info     ; Connected to dangling logic. Logic that only feeds a dangling port will be removed. ;
+----------+--------+----------+-------------------------------------------------------------------------------------+


+--------------------------------------------------------------------------------------------------------------------+
; Port Connectivity Checks: "AddMultBlockV2:cell3"                                                                   ;
+----------+--------+----------+-------------------------------------------------------------------------------------+
; Port     ; Type   ; Severity ; Details                                                                             ;
+----------+--------+----------+-------------------------------------------------------------------------------------+
; data_reg ; Output ; Info     ; Connected to dangling logic. Logic that only feeds a dangling port will be removed. ;
+----------+--------+----------+-------------------------------------------------------------------------------------+


+--------------------------------------------------------------------------------------------------------------------+
; Port Connectivity Checks: "AddMultBlockV2:cell2"                                                                   ;
+----------+--------+----------+-------------------------------------------------------------------------------------+
; Port     ; Type   ; Severity ; Details                                                                             ;
+----------+--------+----------+-------------------------------------------------------------------------------------+
; data_reg ; Output ; Info     ; Connected to dangling logic. Logic that only feeds a dangling port will be removed. ;
+----------+--------+----------+-------------------------------------------------------------------------------------+


+-----------------------------------------------------------------------------------------------------------------------+
; Port Connectivity Checks: "AddMultBlockV2:cell1|Mult:Multiplier"                                                      ;
+-------------+--------+----------+-------------------------------------------------------------------------------------+
; Port        ; Type   ; Severity ; Details                                                                             ;
+-------------+--------+----------+-------------------------------------------------------------------------------------+
; molt[13..0] ; Output ; Info     ; Connected to dangling logic. Logic that only feeds a dangling port will be removed. ;
+-------------+--------+----------+-------------------------------------------------------------------------------------+


+------------------------------------------------------------------+
; Port Connectivity Checks: "AddMultBlockV2:cell1|Adder:Addereeno" ;
+-----------+-------+----------+-----------------------------------+
; Port      ; Type  ; Severity ; Details                           ;
+-----------+-------+----------+-----------------------------------+
; in1[2..0] ; Input ; Info     ; Stuck at GND                      ;
+-----------+-------+----------+-----------------------------------+


+--------------------------------------------------+
; Port Connectivity Checks: "AddMultBlockV2:cell1" ;
+---------------+-------+----------+---------------+
; Port          ; Type  ; Severity ; Details       ;
+---------------+-------+----------+---------------+
; dinadd0[2..0] ; Input ; Info     ; Stuck at GND  ;
+---------------+-------+----------+---------------+


+-----------------------------------------------------------------------------------------------------------------------+
; Port Connectivity Checks: "Mult:mult0"                                                                                ;
+-------------+--------+----------+-------------------------------------------------------------------------------------+
; Port        ; Type   ; Severity ; Details                                                                             ;
+-------------+--------+----------+-------------------------------------------------------------------------------------+
; molt[13..0] ; Output ; Info     ; Connected to dangling logic. Logic that only feeds a dangling port will be removed. ;
+-------------+--------+----------+-------------------------------------------------------------------------------------+


+-----------------------------------------------------+
; Post-Synthesis Netlist Statistics for Top Partition ;
+-----------------------+-----------------------------+
; Type                  ; Count                       ;
+-----------------------+-----------------------------+
; arriav_ff             ; 41                          ;
;     ENA CLR           ; 41                          ;
; arriav_lcell_comb     ; 41                          ;
;     arith             ; 8                           ;
;         2 data inputs ; 8                           ;
;     normal            ; 1                           ;
;         0 data inputs ; 1                           ;
;     shared            ; 32                          ;
;         3 data inputs ; 32                          ;
; arriav_mac            ; 10                          ;
; boundary_port         ; 147                         ;
;                       ;                             ;
; Max LUT depth         ; 3.70                        ;
; Average LUT depth     ; 1.68                        ;
+-----------------------+-----------------------------+


+-------------------------------+
; Elapsed Time Per Partition    ;
+----------------+--------------+
; Partition Name ; Elapsed Time ;
+----------------+--------------+
; Top            ; 00:00:00     ;
+----------------+--------------+


+-------------------------------+
; Analysis & Synthesis Messages ;
+-------------------------------+
Info: *******************************************************************
Info: Running Quartus Prime Analysis & Synthesis
    Info: Version 16.1.0 Build 196 10/24/2016 SJ Lite Edition
    Info: Processing started: Tue Oct 14 11:08:59 2025
Info: Command: quartus_map --read_settings_files=on --write_settings_files=off FIRV3 -c FIRV3
Warning (18236): Number of processors has not been specified which may cause overloading on shared machines.  Set the global assignment NUM_PARALLEL_PROCESSORS in your QSF to an appropriate value for best performance.
Info (20030): Parallel compilation is enabled and will use 6 of the 6 processors detected
Warning (12125): Using design file firv3.vhd, which is not specified as a design file for the current project, but contains definitions for 2 design units and 1 entities in project
    Info (12022): Found design unit 1: FIRV3-struct File: C:/Users/Utente/OneDrive/Documenti/progetti isa/labISA/lab1/hdl_2.1/V2/firv3.vhd Line: 17
    Info (12023): Found entity 1: FIRV3 File: C:/Users/Utente/OneDrive/Documenti/progetti isa/labISA/lab1/hdl_2.1/V2/firv3.vhd Line: 6
Info (12127): Elaborating entity "FIRV3" for the top level hierarchy
Warning (12125): Using design file reg11b.vhd, which is not specified as a design file for the current project, but contains definitions for 2 design units and 1 entities in project
    Info (12022): Found design unit 1: REG11B-beh File: C:/Users/Utente/OneDrive/Documenti/progetti isa/labISA/lab1/hdl_2.1/V2/reg11b.vhd Line: 15
    Info (12023): Found entity 1: REG11B File: C:/Users/Utente/OneDrive/Documenti/progetti isa/labISA/lab1/hdl_2.1/V2/reg11b.vhd Line: 6
Info (12128): Elaborating entity "REG11B" for hierarchy "REG11B:Data_reg0" File: C:/Users/Utente/OneDrive/Documenti/progetti isa/labISA/lab1/hdl_2.1/V2/firv3.vhd Line: 63
Warning (12125): Using design file mult.vhd, which is not specified as a design file for the current project, but contains definitions for 2 design units and 1 entities in project
    Info (12022): Found design unit 1: Mult-beh File: C:/Users/Utente/OneDrive/Documenti/progetti isa/labISA/lab1/hdl_2.1/V2/mult.vhd Line: 13
    Info (12023): Found entity 1: Mult File: C:/Users/Utente/OneDrive/Documenti/progetti isa/labISA/lab1/hdl_2.1/V2/mult.vhd Line: 6
Info (12128): Elaborating entity "Mult" for hierarchy "Mult:mult0" File: C:/Users/Utente/OneDrive/Documenti/progetti isa/labISA/lab1/hdl_2.1/V2/firv3.vhd Line: 65
Warning (12125): Using design file addmultblockv2.vhd, which is not specified as a design file for the current project, but contains definitions for 2 design units and 1 entities in project
    Info (12022): Found design unit 1: AddMultBlockV2-beh File: C:/Users/Utente/OneDrive/Documenti/progetti isa/labISA/lab1/hdl_2.1/V2/addmultblockv2.vhd Line: 15
    Info (12023): Found entity 1: AddMultBlockV2 File: C:/Users/Utente/OneDrive/Documenti/progetti isa/labISA/lab1/hdl_2.1/V2/addmultblockv2.vhd Line: 6
Info (12128): Elaborating entity "AddMultBlockV2" for hierarchy "AddMultBlockV2:cell1" File: C:/Users/Utente/OneDrive/Documenti/progetti isa/labISA/lab1/hdl_2.1/V2/firv3.vhd Line: 70
Warning (12125): Using design file adder.vhd, which is not specified as a design file for the current project, but contains definitions for 2 design units and 1 entities in project
    Info (12022): Found design unit 1: Adder-beh File: C:/Users/Utente/OneDrive/Documenti/progetti isa/labISA/lab1/hdl_2.1/V2/adder.vhd Line: 13
    Info (12023): Found entity 1: Adder File: C:/Users/Utente/OneDrive/Documenti/progetti isa/labISA/lab1/hdl_2.1/V2/adder.vhd Line: 6
Info (12128): Elaborating entity "Adder" for hierarchy "AddMultBlockV2:cell1|Adder:Addereeno" File: C:/Users/Utente/OneDrive/Documenti/progetti isa/labISA/lab1/hdl_2.1/V2/addmultblockv2.vhd Line: 44
Warning (13024): Output pins are stuck at VCC or GND
    Warning (13410): Pin "DOUT[0]" is stuck at GND File: C:/Users/Utente/OneDrive/Documenti/progetti isa/labISA/lab1/hdl_2.1/V2/firv3.vhd Line: 10
    Warning (13410): Pin "DOUT[1]" is stuck at GND File: C:/Users/Utente/OneDrive/Documenti/progetti isa/labISA/lab1/hdl_2.1/V2/firv3.vhd Line: 10
    Warning (13410): Pin "DOUT[2]" is stuck at GND File: C:/Users/Utente/OneDrive/Documenti/progetti isa/labISA/lab1/hdl_2.1/V2/firv3.vhd Line: 10
Info (286030): Timing-Driven Synthesis is running
Info (16010): Generating hard_block partition "hard_block:auto_generated_inst"
    Info (16011): Adding 0 node(s), including 0 DDIO, 0 PLL, 0 transceiver and 0 LCELL
Warning (21074): Design contains 11 input pin(s) that do not drive logic
    Warning (15610): No output dependent on input pin "C10[0]" File: C:/Users/Utente/OneDrive/Documenti/progetti isa/labISA/lab1/hdl_2.1/V2/firv3.vhd Line: 8
    Warning (15610): No output dependent on input pin "C10[1]" File: C:/Users/Utente/OneDrive/Documenti/progetti isa/labISA/lab1/hdl_2.1/V2/firv3.vhd Line: 8
    Warning (15610): No output dependent on input pin "C10[2]" File: C:/Users/Utente/OneDrive/Documenti/progetti isa/labISA/lab1/hdl_2.1/V2/firv3.vhd Line: 8
    Warning (15610): No output dependent on input pin "C10[3]" File: C:/Users/Utente/OneDrive/Documenti/progetti isa/labISA/lab1/hdl_2.1/V2/firv3.vhd Line: 8
    Warning (15610): No output dependent on input pin "C10[4]" File: C:/Users/Utente/OneDrive/Documenti/progetti isa/labISA/lab1/hdl_2.1/V2/firv3.vhd Line: 8
    Warning (15610): No output dependent on input pin "C10[5]" File: C:/Users/Utente/OneDrive/Documenti/progetti isa/labISA/lab1/hdl_2.1/V2/firv3.vhd Line: 8
    Warning (15610): No output dependent on input pin "C10[6]" File: C:/Users/Utente/OneDrive/Documenti/progetti isa/labISA/lab1/hdl_2.1/V2/firv3.vhd Line: 8
    Warning (15610): No output dependent on input pin "C10[7]" File: C:/Users/Utente/OneDrive/Documenti/progetti isa/labISA/lab1/hdl_2.1/V2/firv3.vhd Line: 8
    Warning (15610): No output dependent on input pin "C10[8]" File: C:/Users/Utente/OneDrive/Documenti/progetti isa/labISA/lab1/hdl_2.1/V2/firv3.vhd Line: 8
    Warning (15610): No output dependent on input pin "C10[9]" File: C:/Users/Utente/OneDrive/Documenti/progetti isa/labISA/lab1/hdl_2.1/V2/firv3.vhd Line: 8
    Warning (15610): No output dependent on input pin "C10[10]" File: C:/Users/Utente/OneDrive/Documenti/progetti isa/labISA/lab1/hdl_2.1/V2/firv3.vhd Line: 8
Info (21057): Implemented 230 device resources after synthesis - the final resource count might be different
    Info (21058): Implemented 135 input pins
    Info (21059): Implemented 12 output pins
    Info (21061): Implemented 73 logic cells
    Info (21062): Implemented 10 DSP elements
Info: Quartus Prime Analysis & Synthesis was successful. 0 errors, 22 warnings
    Info: Peak virtual memory: 4884 megabytes
    Info: Processing ended: Tue Oct 14 11:09:10 2025
    Info: Elapsed time: 00:00:11
    Info: Total CPU time (on all processors): 00:00:20


